TN:
SF:lib/Auth.sol
FN:18,Auth.
FNDA:160,Auth.
DA:19,160
DA:20,160
DA:22,160
DA:23,160
FN:26,Auth.requiresAuth
FNDA:3598,Auth.requiresAuth
DA:27,3598
BRDA:27,0,0,515
BRDA:27,0,1,1325
FN:32,Auth.isAuthorized
FNDA:7752,Auth.isAuthorized
DA:33,7752
DA:37,7752
FN:40,Auth.setAuthority
FNDA:2830,Auth.setAuthority
DA:43,2830
BRDA:43,1,0,257
BRDA:43,1,1,2316
DA:45,2316
DA:47,2316
FN:50,Auth.setOwner
FNDA:3598,Auth.setOwner
DA:51,2827
DA:53,2827
FNF:5
FNH:5
LF:12
LH:12
BRF:4
BRH:4
end_of_record
TN:
SF:lib/AuthUpgradeable.sol
FN:19,AuthUpgradeable.__AuthUpgradeable_init
FNDA:63,AuthUpgradeable.__AuthUpgradeable_init
DA:20,63
DA:21,63
DA:23,63
DA:24,63
FN:27,AuthUpgradeable.requiresAuth
FNDA:3598,AuthUpgradeable.requiresAuth
DA:28,3598
BRDA:28,0,0,514
BRDA:28,0,1,258
FN:32,AuthUpgradeable.isAuthorized
FNDA:4371,AuthUpgradeable.isAuthorized
DA:33,4371
DA:37,4371
FN:40,AuthUpgradeable.setAuthority
FNDA:2830,AuthUpgradeable.setAuthority
DA:43,2830
BRDA:43,1,0,257
BRDA:43,1,1,2316
DA:45,2316
DA:47,2316
FN:50,AuthUpgradeable.setOwner
FNDA:3598,AuthUpgradeable.setOwner
DA:51,2827
DA:53,2827
FNF:5
FNH:5
LF:12
LH:12
BRF:4
BRH:4
end_of_record
TN:
SF:lib/ERC1155.sol
FN:37,ERC1155.setApprovalForAll
FNDA:2758,ERC1155.setApprovalForAll
DA:38,2758
DA:40,2758
FN:43,ERC1155.safeTransferFrom
FNDA:2311,ERC1155.safeTransferFrom
DA:44,2311
BRDA:44,0,0,-
BRDA:44,0,1,2311
DA:46,2311
DA:47,1799
DA:49,1799
DA:51,1799
BRDA:51,1,0,514
BRDA:51,1,1,771
FN:60,ERC1155.safeBatchTransferFrom
FNDA:1731,ERC1155.safeBatchTransferFrom
DA:67,1731
DA:69,1731
BRDA:69,2,0,2
BRDA:69,2,1,1729
DA:71,1729
BRDA:71,3,0,-
BRDA:71,3,1,1729
DA:74,1729
DA:75,1729
DA:77,1729
DA:78,92655
DA:79,92655
DA:81,92655
DA:82,92468
DA:87,92468
DA:91,1542
DA:93,1542
BRDA:93,4,0,514
BRDA:93,4,1,514
FN:102,ERC1155.balanceOfBatch
FNDA:513,ERC1155.balanceOfBatch
DA:106,513
DA:108,513
BRDA:108,5,0,256
BRDA:108,5,1,257
DA:110,257
DA:115,257
DA:116,15795
FN:125,ERC1155.supportsInterface
FNDA:0,ERC1155.supportsInterface
DA:126,0
DA:127,0
DA:128,0
FN:135,ERC1155._mint
FNDA:20161,ERC1155._mint
DA:136,20161
DA:138,20161
DA:140,20161
BRDA:140,6,0,257
BRDA:140,6,1,19133
FN:149,ERC1155._batchMint
FNDA:4478,ERC1155._batchMint
DA:150,4478
DA:152,4478
BRDA:152,7,0,765
BRDA:152,7,1,3713
DA:154,3713
DA:155,264857
DA:160,264856
DA:164,3712
DA:166,3712
BRDA:166,8,0,514
BRDA:166,8,1,2684
FN:175,ERC1155._batchBurn
FNDA:439,ERC1155._batchBurn
DA:176,439
DA:178,439
BRDA:178,9,0,1
BRDA:178,9,1,438
DA:180,438
DA:181,16508
DA:186,16327
DA:190,257
FN:193,ERC1155._burn
FNDA:513,ERC1155._burn
DA:194,513
DA:196,257
FN:205,ERC1155TokenReceiver.onERC1155Received
FNDA:1541,ERC1155TokenReceiver.onERC1155Received
DA:206,1541
FN:209,ERC1155TokenReceiver.onERC1155BatchReceived
FNDA:0,ERC1155TokenReceiver.onERC1155BatchReceived
DA:216,0
FNF:11
FNH:9
LF:48
LH:44
BRF:20
BRH:18
end_of_record
TN:
SF:lib/FullMath.sol
FN:18,FullMath.mulDiv
FNDA:228,FullMath.mulDiv
DA:25,228
DA:26,228
DA:28,228
DA:29,228
DA:30,228
DA:34,228
BRDA:34,0,0,228
DA:35,228
BRDA:35,1,0,-
BRDA:35,1,1,228
DA:37,228
DA:39,228
DA:44,0
BRDA:44,2,0,-
BRDA:44,2,1,-
DA:52,0
DA:54,0
DA:58,0
DA:59,0
DA:65,0
DA:68,0
DA:73,0
DA:79,0
DA:81,0
DA:88,0
DA:92,0
DA:93,0
DA:94,0
DA:95,0
DA:96,0
DA:97,0
DA:105,0
DA:106,0
FN:116,FullMath.mulDivUp
FNDA:12,FullMath.mulDivUp
DA:117,12
DA:119,12
BRDA:119,3,0,-
DA:120,0
BRDA:120,4,0,-
BRDA:120,4,1,-
DA:121,0
FNF:2
FNH:2
LF:32
LH:11
BRF:8
BRH:2
end_of_record
TN:
SF:lib/TicketUpgradeable.sol
FN:18,TicketUpgradeable.__Ticket_init
FNDA:36,TicketUpgradeable.__Ticket_init
DA:21,36
DA:22,36
DA:23,36
DA:24,36
FN:27,TicketUpgradeable._beforeTokenTransfer
FNDA:24,TicketUpgradeable._beforeTokenTransfer
DA:42,24
FNF:2
FNH:2
LF:5
LH:5
BRF:0
BRH:0
end_of_record
TN:
SF:src/BondAggregator.sol
FN:61,BondAggregator.
FNDA:41,BondAggregator.
FN:64,BondAggregator.registerAuctioneer
FNDA:40,BondAggregator.registerAuctioneer
DA:70,0
BRDA:70,0,0,-
DA:73,39
DA:74,39
FN:78,BondAggregator.registerMarket
FNDA:39,BondAggregator.registerMarket
DA:79,39
BRDA:79,1,0,1
DA:80,38
DA:81,38
DA:82,38
DA:83,38
DA:84,38
FN:90,BondAggregator.getAuctioneer
FNDA:49,BondAggregator.getAuctioneer
DA:93,49
FN:97,BondAggregator.marketPrice
FNDA:0,BondAggregator.marketPrice
DA:100,0
DA:101,0
FN:105,BondAggregator.marketScale
FNDA:0,BondAggregator.marketScale
DA:108,0
DA:109,0
FN:113,BondAggregator.payoutFor
FNDA:0,BondAggregator.payoutFor
DA:114,0
DA:115,0
FN:119,BondAggregator.maxAmountAccepted
FNDA:0,BondAggregator.maxAmountAccepted
DA:120,0
DA:121,0
FN:125,BondAggregator.isInstantSwap
FNDA:0,BondAggregator.isInstantSwap
DA:128,0
DA:129,0
FN:133,BondAggregator.isLive
FNDA:0,BondAggregator.isLive
DA:136,0
DA:137,0
FN:141,BondAggregator.isClosing
FNDA:0,BondAggregator.isClosing
DA:144,0
DA:145,0
FN:149,BondAggregator.liveMarketsBetween
FNDA:0,BondAggregator.liveMarketsBetween
DA:153,0
DA:154,0
DA:155,0
BRDA:155,2,0,-
DA:158,0
DA:159,0
DA:160,0
DA:161,0
BRDA:161,3,0,-
DA:162,0
DA:163,0
DA:166,0
FN:170,BondAggregator.liveMarketsFor
FNDA:0,BondAggregator.liveMarketsFor
DA:171,0
DA:173,0
DA:175,0
DA:176,0
DA:178,0
DA:179,0
BRDA:179,4,0,-
DA:182,0
DA:183,0
DA:185,0
DA:186,0
BRDA:186,5,0,-
DA:187,0
DA:188,0
DA:192,0
FN:196,BondAggregator.marketsFor
FNDA:0,BondAggregator.marketsFor
DA:197,0
DA:198,0
DA:200,0
DA:201,0
DA:202,0
DA:203,0
DA:204,0
DA:205,0
DA:206,0
BRDA:206,6,0,-
DA:209,0
DA:210,0
DA:212,0
DA:213,0
DA:214,0
DA:215,0
BRDA:215,7,0,-
DA:216,0
DA:217,0
DA:221,0
FN:225,BondAggregator.findMarketFor
FNDA:0,BondAggregator.findMarketFor
DA:232,0
DA:233,0
DA:236,0
DA:237,0
DA:238,0
DA:239,0
DA:240,0
DA:241,0
DA:242,0
DA:243,0
DA:245,0
DA:247,0
BRDA:247,8,0,-
DA:248,0
BRDA:248,9,0,-
DA:249,0
DA:250,0
BRDA:250,10,0,-
DA:251,0
DA:252,0
DA:254,0
DA:261,0
FN:265,BondAggregator.liveMarketsBy
FNDA:0,BondAggregator.liveMarketsBy
DA:270,0
DA:271,0
DA:272,0
DA:273,0
DA:274,0
BRDA:274,11,0,-
DA:277,0
DA:278,0
DA:279,0
DA:280,0
DA:281,0
BRDA:281,12,0,-
DA:282,0
DA:283,0
DA:287,0
FN:291,BondAggregator.closingMarketsBetween
FNDA:0,BondAggregator.closingMarketsBetween
DA:292,0
DA:293,0
DA:294,0
BRDA:294,13,0,-
DA:297,0
DA:298,0
DA:299,0
DA:300,0
BRDA:300,14,0,-
DA:301,0
DA:302,0
DA:305,0
FN:309,BondAggregator.getTeller
FNDA:0,BondAggregator.getTeller
DA:312,0
DA:313,0
FN:317,BondAggregator.currentCapacity
FNDA:0,BondAggregator.currentCapacity
DA:320,0
DA:321,0
FNF:19
FNH:4
LF:111
LH:9
BRF:15
BRH:1
end_of_record
TN:
SF:src/BondFixedExpiryFPA.sol
FN:34,BondFixedExpiryFPA.
FNDA:0,BondFixedExpiryFPA.
FN:42,BondFixedExpiryFPA.createMarket
FNDA:0,BondFixedExpiryFPA.createMarket
DA:46,0
DA:50,0
DA:54,0
DA:55,0
DA:58,0
BRDA:58,0,0,-
DA:61,0
FNF:2
FNH:0
LF:6
LH:0
BRF:1
BRH:0
end_of_record
TN:
SF:src/BondFixedExpiryFPDA.sol
FN:35,BondFixedExpiryFPDA.
FNDA:0,BondFixedExpiryFPDA.
FN:43,BondFixedExpiryFPDA.createMarket
FNDA:0,BondFixedExpiryFPDA.createMarket
DA:47,0
DA:51,0
DA:55,0
DA:56,0
DA:59,0
BRDA:59,0,0,-
DA:62,0
FNF:2
FNH:0
LF:6
LH:0
BRF:1
BRH:0
end_of_record
TN:
SF:src/BondFixedExpiryOFDA.sol
FN:35,BondFixedExpiryOFDA.
FNDA:0,BondFixedExpiryOFDA.
FN:43,BondFixedExpiryOFDA.createMarket
FNDA:0,BondFixedExpiryOFDA.createMarket
DA:47,0
DA:51,0
DA:55,0
DA:56,0
DA:59,0
BRDA:59,0,0,-
DA:62,0
FNF:2
FNH:0
LF:6
LH:0
BRF:1
BRH:0
end_of_record
TN:
SF:src/BondFixedExpiryOSDA.sol
FN:27,BondFixedExpiryOSDA.
FNDA:0,BondFixedExpiryOSDA.
FN:35,BondFixedExpiryOSDA.createMarket
FNDA:0,BondFixedExpiryOSDA.createMarket
DA:39,0
DA:43,0
DA:47,0
DA:48,0
DA:51,0
BRDA:51,0,0,-
DA:54,0
FNF:2
FNH:0
LF:6
LH:0
BRF:1
BRH:0
end_of_record
TN:
SF:src/BondFixedExpirySDA.sol
FN:27,BondFixedExpirySDA.
FNDA:0,BondFixedExpirySDA.
FN:35,BondFixedExpirySDA.createMarket
FNDA:0,BondFixedExpirySDA.createMarket
DA:39,0
DA:43,0
DA:47,0
DA:48,0
DA:51,0
BRDA:51,0,0,-
DA:54,0
FNF:2
FNH:0
LF:6
LH:0
BRF:1
BRH:0
end_of_record
TN:
SF:src/BondFixedExpiryTeller.sol
FN:35,BondFixedExpiryTeller.
FNDA:18,BondFixedExpiryTeller.
DA:36,18
FN:39,BondFixedExpiryTeller.initialize
FNDA:18,BondFixedExpiryTeller.initialize
DA:45,18
FN:48,BondFixedExpiryTeller.__BondFixedExpiryTeller_init
FNDA:0,BondFixedExpiryTeller.__BondFixedExpiryTeller_init
DA:54,18
FN:64,BondFixedExpiryTeller._handlePayout
FNDA:6,BondFixedExpiryTeller._handlePayout
DA:81,6
BRDA:81,0,0,6
BRDA:81,0,1,-
DA:82,6
DA:86,6
DA:89,6
BRDA:89,1,0,6
DA:92,6
DA:95,0
BRDA:95,2,0,-
BRDA:95,2,1,-
DA:96,0
DA:97,0
BRDA:97,3,0,-
BRDA:97,3,1,-
DA:99,0
FNF:4
FNH:3
LF:12
LH:8
BRF:7
BRH:2
end_of_record
TN:
SF:src/BondFixedTermFPA.sol
FN:34,BondFixedTermFPA.
FNDA:18,BondFixedTermFPA.
FN:43,BondFixedTermFPA.createMarket
FNDA:18,BondFixedTermFPA.createMarket
DA:47,18
DA:49,18
BRDA:49,0,0,-
DA:50,0
DA:53,18
FNF:2
FNH:2
LF:4
LH:3
BRF:1
BRH:0
end_of_record
TN:
SF:src/BondFixedTermFPDA.sol
FN:35,BondFixedTermFPDA.
FNDA:0,BondFixedTermFPDA.
FN:44,BondFixedTermFPDA.createMarket
FNDA:0,BondFixedTermFPDA.createMarket
DA:48,0
DA:51,0
BRDA:51,0,0,-
DA:52,0
DA:56,0
FNF:2
FNH:0
LF:4
LH:0
BRF:1
BRH:0
end_of_record
TN:
SF:src/BondFixedTermOFDA.sol
FN:35,BondFixedTermOFDA.
FNDA:0,BondFixedTermOFDA.
FN:44,BondFixedTermOFDA.createMarket
FNDA:0,BondFixedTermOFDA.createMarket
DA:48,0
DA:51,0
BRDA:51,0,0,-
DA:52,0
DA:56,0
FNF:2
FNH:0
LF:4
LH:0
BRF:1
BRH:0
end_of_record
TN:
SF:src/BondFixedTermOSDA.sol
FN:27,BondFixedTermOSDA.
FNDA:0,BondFixedTermOSDA.
FN:36,BondFixedTermOSDA.createMarket
FNDA:0,BondFixedTermOSDA.createMarket
DA:40,0
DA:43,0
BRDA:43,0,0,-
DA:44,0
DA:48,0
FNF:2
FNH:0
LF:4
LH:0
BRF:1
BRH:0
end_of_record
TN:
SF:src/BondFixedTermSDA.sol
FN:27,BondFixedTermSDA.
FNDA:18,BondFixedTermSDA.
FN:36,BondFixedTermSDA.createMarket
FNDA:18,BondFixedTermSDA.createMarket
DA:40,18
DA:43,18
BRDA:43,0,0,-
DA:44,0
DA:48,18
FNF:2
FNH:2
LF:4
LH:3
BRF:1
BRH:0
end_of_record
TN:
SF:src/BondFixedTermTeller.sol
FN:36,BondFixedTermTeller.
FNDA:18,BondFixedTermTeller.
DA:37,18
FN:40,BondFixedTermTeller.initialize
FNDA:18,BondFixedTermTeller.initialize
DA:46,18
FN:49,BondFixedTermTeller.__BondFixedTermTeller_init
FNDA:18,BondFixedTermTeller.__BondFixedTermTeller_init
DA:55,18
FN:66,BondFixedTermTeller._handlePayout
FNDA:6,BondFixedTermTeller._handlePayout
DA:83,6
BRDA:83,0,0,6
BRDA:83,0,1,-
DA:85,6
DA:89,6
DA:92,6
BRDA:92,1,0,6
DA:95,6
DA:98,0
BRDA:98,2,0,-
BRDA:98,2,1,-
DA:99,0
DA:100,0
BRDA:100,3,0,-
BRDA:100,3,1,-
DA:102,0
FNF:4
FNH:4
LF:12
LH:8
BRF:7
BRH:2
end_of_record
TN:
SF:src/BondOracle.sol
FN:33,BondOracle.
FNDA:0,BondOracle.
FN:36,BondOracle.onlyValidPrice
FNDA:0,BondOracle.onlyValidPrice
DA:39,0
DA:40,0
DA:41,0
BRDA:41,0,0,-
FN:46,BondOracle.setPrice
FNDA:0,BondOracle.setPrice
DA:47,0
FN:51,BondOracle.registerMarket
FNDA:0,BondOracle.registerMarket
DA:53,0
FN:57,BondOracle.usdPrice
FNDA:0,BondOracle.usdPrice
DA:60,0
FN:65,BondOracle.currentPrice
FNDA:0,BondOracle.currentPrice
DA:68,0
DA:69,0
FN:74,BondOracle.currentPrice
FNDA:0,BondOracle.currentPrice
DA:78,0
DA:79,0
DA:80,0
DA:81,0
DA:83,0
FN:87,BondOracle.decimals
FNDA:0,BondOracle.decimals
DA:90,0
FN:94,BondOracle.decimals
FNDA:0,BondOracle.decimals
DA:95,0
FNF:9
FNH:0
LF:15
LH:0
BRF:1
BRH:0
end_of_record
TN:
SF:src/RolesAuthority.sol
FN:26,RolesAuthority.
FNDA:51,RolesAuthority.
FN:38,RolesAuthority.doesUserHaveRole
FNDA:771,RolesAuthority.doesUserHaveRole
DA:39,771
FN:42,RolesAuthority.doesRoleHaveCapability
FNDA:771,RolesAuthority.doesRoleHaveCapability
DA:47,771
FN:54,RolesAuthority.canCall
FNDA:2353,RolesAuthority.canCall
DA:55,2353
DA:56,2096
FN:63,RolesAuthority.setPublicCapability
FNDA:1028,RolesAuthority.setPublicCapability
DA:64,1028
DA:66,1028
FN:69,RolesAuthority.setRoleCapability
FNDA:1285,RolesAuthority.setRoleCapability
DA:75,771
BRDA:75,0,0,771
BRDA:75,0,1,514
DA:76,514
DA:78,1285
FN:85,RolesAuthority.setUserRole
FNDA:1028,RolesAuthority.setUserRole
DA:86,514
BRDA:86,1,0,514
BRDA:86,1,1,514
DA:87,514
DA:89,1028
FNF:7
FNH:7
LF:12
LH:12
BRF:4
BRH:4
end_of_record
TN:
SF:src/bases/BondBaseAuctioneer.sol
FN:44,BondBaseAuctioneer.
FNDA:41,BondBaseAuctioneer.
DA:50,41
DA:51,41
DA:53,41
FN:60,BondBaseAuctioneer.onlyMarketOwner
FNDA:0,BondBaseAuctioneer.onlyMarketOwner
DA:63,0
BRDA:63,0,0,-
FN:67,BondBaseAuctioneer.onlyTeller
FNDA:12,BondBaseAuctioneer.onlyTeller
DA:69,12
DA:70,12
DA:71,0
BRDA:71,1,0,-
FN:76,BondBaseAuctioneer.getTeller
FNDA:0,BondBaseAuctioneer.getTeller
DA:77,0
FN:81,BondBaseAuctioneer.getAggregator
FNDA:0,BondBaseAuctioneer.getAggregator
DA:82,0
FN:85,BondBaseAuctioneer.pause
FNDA:0,BondBaseAuctioneer.pause
DA:86,0
FN:89,BondBaseAuctioneer.unpause
FNDA:0,BondBaseAuctioneer.unpause
DA:90,0
FN:93,BondBaseAuctioneer._setAllowNewMarkets
FNDA:0,BondBaseAuctioneer._setAllowNewMarkets
DA:96,0
FN:100,BondBaseAuctioneer.setAllowNewMarkets
FNDA:0,BondBaseAuctioneer.setAllowNewMarkets
DA:103,0
FNF:9
FNH:2
LF:13
LH:5
BRF:2
BRH:0
end_of_record
TN:
SF:src/bases/BondBaseFPA.sol
FN:64,BondBaseFPA.
FNDA:18,BondBaseFPA.
DA:70,18
DA:71,18
FN:82,BondBaseFPA._createMarket
FNDA:18,BondBaseFPA._createMarket
DA:87,18
BRDA:87,0,0,-
DA:91,18
BRDA:91,1,0,12
DA:92,12
DA:93,12
BRDA:93,2,0,-
DA:95,18
BRDA:95,3,0,12
DA:96,12
DA:97,12
BRDA:97,4,0,-
DA:99,18
BRDA:99,5,0,-
DA:102,18
BRDA:102,6,0,-
DA:111,18
DA:113,18
DA:117,18
BRDA:117,7,0,-
DA:121,18
DA:122,18
DA:123,0
BRDA:123,8,0,-
DA:126,18
BRDA:126,9,0,6
BRDA:126,9,1,12
DA:128,6
BRDA:128,10,0,-
DA:130,6
DA:131,6
BRDA:131,11,0,-
BRDA:131,11,1,6
DA:135,12
DA:136,12
DA:137,12
BRDA:137,12,0,-
DA:138,0
DA:143,18
DA:146,18
DA:148,18
DA:161,18
DA:163,18
DA:165,18
DA:169,18
FN:173,BondBaseFPA.pushOwnership
FNDA:0,BondBaseFPA.pushOwnership
DA:174,0
FN:178,BondBaseFPA.pullOwnership
FNDA:0,BondBaseFPA.pullOwnership
DA:181,0
BRDA:181,13,0,-
DA:182,0
FN:186,BondBaseFPA.setMinMarketDuration
FNDA:0,BondBaseFPA.setMinMarketDuration
DA:192,0
BRDA:192,14,0,-
DA:194,0
FN:198,BondBaseFPA.setMinDepositInterval
FNDA:0,BondBaseFPA.setMinDepositInterval
DA:204,0
BRDA:204,15,0,-
DA:206,0
FN:210,BondBaseFPA.setIntervals
FNDA:0,BondBaseFPA.setIntervals
FN:213,BondBaseFPA.setDefaults
FNDA:0,BondBaseFPA.setDefaults
FN:218,BondBaseFPA.closeMarket
FNDA:6,BondBaseFPA.closeMarket
DA:222,6
BRDA:222,16,0,6
DA:224,6
DA:226,6
FN:232,BondBaseFPA.purchaseBond
FNDA:6,BondBaseFPA.purchaseBond
DA:237,6
DA:240,6
BRDA:240,17,0,-
DA:243,6
DA:244,6
DA:245,6
DA:248,6
BRDA:248,18,0,-
DA:251,6
BRDA:251,19,0,-
DA:253,6
BRDA:253,20,0,-
DA:264,6
BRDA:264,21,0,-
DA:266,6
DA:270,6
DA:271,6
FN:279,BondBaseFPA.getMarketInfoForPurchase
FNDA:24,BondBaseFPA.getMarketInfoForPurchase
DA:282,24
DA:283,24
FN:287,BondBaseFPA.marketPrice
FNDA:0,BondBaseFPA.marketPrice
DA:290,0
FN:294,BondBaseFPA.marketScale
FNDA:0,BondBaseFPA.marketScale
DA:297,0
FN:301,BondBaseFPA.payoutFor
FNDA:0,BondBaseFPA.payoutFor
DA:303,0
DA:304,0
DA:308,0
BRDA:308,22,0,-
BRDA:308,22,1,-
DA:309,0
FN:313,BondBaseFPA.maxAmountAccepted
FNDA:0,BondBaseFPA.maxAmountAccepted
DA:316,0
DA:317,0
DA:318,0
DA:319,0
DA:320,0
DA:327,0
DA:329,0
FN:333,BondBaseFPA.maxPayout
FNDA:0,BondBaseFPA.maxPayout
DA:336,24
DA:339,24
FN:343,BondBaseFPA.isInstantSwap
FNDA:0,BondBaseFPA.isInstantSwap
DA:346,0
DA:347,0
FN:351,BondBaseFPA.isLive
FNDA:0,BondBaseFPA.isLive
DA:354,6
FN:361,BondBaseFPA.isClosing
FNDA:0,BondBaseFPA.isClosing
DA:364,0
FN:368,BondBaseFPA.ownerOf
FNDA:0,BondBaseFPA.ownerOf
DA:371,0
FN:375,BondBaseFPA.currentCapacity
FNDA:6,BondBaseFPA.currentCapacity
DA:378,6
FN:382,BondBaseFPA.getConclusion
FNDA:6,BondBaseFPA.getConclusion
DA:385,6
FNF:22
FNH:7
LF:78
LH:52
BRF:26
BRH:6
end_of_record
TN:
SF:src/bases/BondBaseFPDA.sol
FN:65,BondBaseFPDA.
FNDA:0,BondBaseFPDA.
DA:71,0
DA:72,0
FN:83,BondBaseFPDA._createMarket
FNDA:0,BondBaseFPDA._createMarket
DA:88,0
BRDA:88,0,0,-
DA:92,0
BRDA:92,1,0,-
DA:93,0
DA:94,0
BRDA:94,2,0,-
DA:96,0
BRDA:96,3,0,-
DA:97,0
DA:98,0
BRDA:98,4,0,-
DA:100,0
BRDA:100,5,0,-
DA:103,0
BRDA:103,6,0,-
DA:111,0
DA:113,0
DA:117,0
BRDA:117,7,0,-
DA:121,0
DA:122,0
DA:123,0
BRDA:123,8,0,-
DA:126,0
BRDA:126,9,0,-
BRDA:126,9,1,-
DA:128,0
BRDA:128,10,0,-
DA:130,0
DA:131,0
BRDA:131,11,0,-
BRDA:131,11,1,-
DA:135,0
DA:136,0
DA:137,0
BRDA:137,12,0,-
DA:138,0
DA:143,0
DA:146,0
DA:148,0
DA:162,0
DA:164,0
DA:166,0
DA:170,0
FN:174,BondBaseFPDA.pushOwnership
FNDA:0,BondBaseFPDA.pushOwnership
DA:175,0
FN:179,BondBaseFPDA.pullOwnership
FNDA:0,BondBaseFPDA.pullOwnership
DA:182,0
BRDA:182,13,0,-
DA:183,0
FN:187,BondBaseFPDA.setMinMarketDuration
FNDA:0,BondBaseFPDA.setMinMarketDuration
DA:193,0
BRDA:193,14,0,-
DA:195,0
FN:199,BondBaseFPDA.setMinDepositInterval
FNDA:0,BondBaseFPDA.setMinDepositInterval
DA:205,0
BRDA:205,15,0,-
DA:207,0
FN:211,BondBaseFPDA.setIntervals
FNDA:0,BondBaseFPDA.setIntervals
FN:214,BondBaseFPDA.setDefaults
FNDA:0,BondBaseFPDA.setDefaults
FN:219,BondBaseFPDA.closeMarket
FNDA:0,BondBaseFPDA.closeMarket
DA:223,0
BRDA:223,16,0,-
DA:225,0
DA:227,0
FN:233,BondBaseFPDA.purchaseBond
FNDA:0,BondBaseFPDA.purchaseBond
DA:238,0
DA:241,0
BRDA:241,17,0,-
DA:244,0
DA:247,0
BRDA:247,18,0,-
DA:250,0
BRDA:250,19,0,-
DA:253,0
BRDA:253,20,0,-
DA:264,0
BRDA:264,21,0,-
DA:266,0
DA:270,0
DA:271,0
FN:279,BondBaseFPDA.getMarketInfoForPurchase
FNDA:0,BondBaseFPDA.getMarketInfoForPurchase
DA:282,0
DA:283,0
FN:287,BondBaseFPDA.marketPrice
FNDA:0,BondBaseFPDA.marketPrice
DA:290,0
FN:299,BondBaseFPDA.marketScale
FNDA:0,BondBaseFPDA.marketScale
DA:302,0
FN:306,BondBaseFPDA.payoutFor
FNDA:0,BondBaseFPDA.payoutFor
DA:308,0
DA:309,0
DA:313,0
BRDA:313,22,0,-
BRDA:313,22,1,-
DA:314,0
FN:318,BondBaseFPDA.maxAmountAccepted
FNDA:0,BondBaseFPDA.maxAmountAccepted
DA:321,0
DA:322,0
DA:323,0
DA:324,0
DA:325,0
DA:332,0
DA:334,0
FN:338,BondBaseFPDA.maxPayout
FNDA:0,BondBaseFPDA.maxPayout
DA:341,0
DA:344,0
FN:348,BondBaseFPDA.isInstantSwap
FNDA:0,BondBaseFPDA.isInstantSwap
DA:351,0
DA:352,0
FN:356,BondBaseFPDA.isLive
FNDA:0,BondBaseFPDA.isLive
DA:359,0
FN:365,BondBaseFPDA.isActiveManager
FNDA:0,BondBaseFPDA.isActiveManager
DA:368,0
DA:370,0
DA:371,0
DA:372,0
FN:377,BondBaseFPDA.isClosing
FNDA:0,BondBaseFPDA.isClosing
DA:380,0
FN:384,BondBaseFPDA.ownerOf
FNDA:0,BondBaseFPDA.ownerOf
DA:387,0
FN:391,BondBaseFPDA.currentCapacity
FNDA:0,BondBaseFPDA.currentCapacity
DA:394,0
FN:398,BondBaseFPDA.getConclusion
FNDA:0,BondBaseFPDA.getConclusion
DA:401,0
FNF:23
FNH:0
LF:80
LH:0
BRF:26
BRH:0
end_of_record
TN:
SF:src/bases/BondBaseOFDA.sol
FN:66,BondBaseOFDA.
FNDA:0,BondBaseOFDA.
DA:72,0
DA:73,0
FN:84,BondBaseOFDA._createMarket
FNDA:0,BondBaseOFDA._createMarket
DA:90,0
BRDA:90,0,0,-
DA:92,0
BRDA:92,1,0,-
DA:95,0
DA:98,0
DA:99,0
DA:100,0
DA:101,0
DA:102,0
DA:105,0
DA:106,0
BRDA:106,2,0,-
DA:107,0
DA:109,0
DA:112,0
DA:113,0
DA:114,0
DA:115,0
DA:116,0
DA:119,0
BRDA:119,3,0,-
DA:122,0
DA:127,0
DA:128,0
DA:129,0
BRDA:129,4,0,-
DA:132,0
BRDA:132,5,0,-
BRDA:132,5,1,-
DA:134,0
BRDA:134,6,0,-
DA:136,0
DA:137,0
BRDA:137,7,0,-
BRDA:137,7,1,-
DA:141,0
DA:142,0
DA:143,0
BRDA:143,8,0,-
DA:144,0
DA:149,0
DA:152,0
DA:153,0
DA:154,0
DA:155,0
DA:158,0
DA:160,0
FN:164,BondBaseOFDA.pushOwnership
FNDA:0,BondBaseOFDA.pushOwnership
DA:165,0
BRDA:165,9,0,-
DA:166,0
FN:170,BondBaseOFDA.pullOwnership
FNDA:0,BondBaseOFDA.pullOwnership
DA:173,0
BRDA:173,10,0,-
DA:174,0
FN:178,BondBaseOFDA.setMinMarketDuration
FNDA:0,BondBaseOFDA.setMinMarketDuration
DA:184,0
BRDA:184,11,0,-
DA:186,0
FN:190,BondBaseOFDA.setMinDepositInterval
FNDA:0,BondBaseOFDA.setMinDepositInterval
DA:196,0
BRDA:196,12,0,-
DA:198,0
FN:202,BondBaseOFDA.setIntervals
FNDA:0,BondBaseOFDA.setIntervals
FN:205,BondBaseOFDA.setDefaults
FNDA:0,BondBaseOFDA.setDefaults
FN:210,BondBaseOFDA.setAllowNewMarkets
FNDA:0,BondBaseOFDA.setAllowNewMarkets
DA:213,0
FN:217,BondBaseOFDA.closeMarket
FNDA:0,BondBaseOFDA.closeMarket
DA:221,0
BRDA:221,13,0,-
DA:223,0
DA:225,0
FN:231,BondBaseOFDA.purchaseBond
FNDA:0,BondBaseOFDA.purchaseBond
DA:236,0
DA:237,0
DA:240,0
BRDA:240,14,0,-
DA:243,0
DA:251,0
DA:254,0
BRDA:254,15,0,-
DA:257,0
BRDA:257,16,0,-
DA:260,0
BRDA:260,17,0,-
DA:271,0
BRDA:271,18,0,-
DA:273,0
DA:277,0
DA:278,0
FN:284,BondBaseOFDA.getMarketInfoForPurchase
FNDA:0,BondBaseOFDA.getMarketInfoForPurchase
DA:292,0
DA:293,0
FN:297,BondBaseOFDA.marketPrice
FNDA:0,BondBaseOFDA.marketPrice
DA:301,0
DA:302,0
DA:305,0
BRDA:305,19,0,-
DA:308,0
DA:311,0
DA:314,0
FN:318,BondBaseOFDA.marketScale
FNDA:0,BondBaseOFDA.marketScale
DA:321,0
FN:325,BondBaseOFDA.payoutFor
FNDA:0,BondBaseOFDA.payoutFor
DA:327,0
DA:328,0
DA:332,0
BRDA:332,20,0,-
BRDA:332,20,1,-
DA:333,0
FN:337,BondBaseOFDA.maxPayout
FNDA:0,BondBaseOFDA.maxPayout
DA:340,0
DA:343,0
FN:347,BondBaseOFDA.maxAmountAccepted
FNDA:0,BondBaseOFDA.maxAmountAccepted
DA:350,0
DA:351,0
DA:352,0
DA:353,0
DA:354,0
DA:355,0
DA:362,0
DA:364,0
FN:368,BondBaseOFDA.isInstantSwap
FNDA:0,BondBaseOFDA.isInstantSwap
DA:371,0
DA:372,0
FN:376,BondBaseOFDA.isLive
FNDA:0,BondBaseOFDA.isLive
DA:379,0
FN:386,BondBaseOFDA.isClosing
FNDA:0,BondBaseOFDA.isClosing
DA:389,0
FN:393,BondBaseOFDA.ownerOf
FNDA:0,BondBaseOFDA.ownerOf
DA:396,0
FN:400,BondBaseOFDA.currentCapacity
FNDA:0,BondBaseOFDA.currentCapacity
DA:403,0
FN:407,BondBaseOFDA.getConclusion
FNDA:0,BondBaseOFDA.getConclusion
DA:410,0
FNF:23
FNH:0
LF:93
LH:0
BRF:24
BRH:0
end_of_record
TN:
SF:src/bases/BondBaseOSDA.sol
FN:69,BondBaseOSDA.
FNDA:0,BondBaseOSDA.
DA:75,0
DA:76,0
FN:87,BondBaseOSDA._createMarket
FNDA:0,BondBaseOSDA._createMarket
DA:93,0
BRDA:93,0,0,-
DA:95,0
BRDA:95,1,0,-
DA:98,0
DA:101,0
DA:102,0
DA:103,0
DA:104,0
DA:105,0
DA:108,0
DA:109,0
BRDA:109,2,0,-
DA:110,0
DA:112,0
DA:115,0
DA:116,0
DA:117,0
DA:118,0
DA:119,0
DA:122,0
BRDA:122,3,0,-
DA:125,0
DA:130,0
DA:131,0
DA:132,0
BRDA:132,4,0,-
DA:135,0
BRDA:135,5,0,-
BRDA:135,5,1,-
DA:137,0
BRDA:137,6,0,-
DA:139,0
DA:140,0
BRDA:140,7,0,-
BRDA:140,7,1,-
DA:144,0
DA:145,0
DA:146,0
BRDA:146,8,0,-
DA:147,0
DA:152,0
DA:155,0
BRDA:155,9,0,-
DA:158,0
DA:161,0
DA:162,0
DA:163,0
DA:164,0
DA:167,0
DA:169,0
FN:173,BondBaseOSDA.pushOwnership
FNDA:0,BondBaseOSDA.pushOwnership
DA:174,0
BRDA:174,10,0,-
DA:175,0
FN:179,BondBaseOSDA.pullOwnership
FNDA:0,BondBaseOSDA.pullOwnership
DA:182,0
BRDA:182,11,0,-
DA:183,0
FN:187,BondBaseOSDA.setMinMarketDuration
FNDA:0,BondBaseOSDA.setMinMarketDuration
DA:193,0
BRDA:193,12,0,-
DA:195,0
FN:199,BondBaseOSDA.setMinDepositInterval
FNDA:0,BondBaseOSDA.setMinDepositInterval
DA:205,0
BRDA:205,13,0,-
DA:207,0
FN:211,BondBaseOSDA.setIntervals
FNDA:0,BondBaseOSDA.setIntervals
FN:214,BondBaseOSDA.setDefaults
FNDA:0,BondBaseOSDA.setDefaults
FN:219,BondBaseOSDA.setAllowNewMarkets
FNDA:0,BondBaseOSDA.setAllowNewMarkets
DA:222,0
FN:226,BondBaseOSDA.closeMarket
FNDA:0,BondBaseOSDA.closeMarket
DA:230,0
BRDA:230,14,0,-
DA:232,0
DA:234,0
FN:240,BondBaseOSDA.purchaseBond
FNDA:0,BondBaseOSDA.purchaseBond
DA:245,0
DA:246,0
DA:249,0
BRDA:249,15,0,-
DA:252,0
DA:260,0
DA:263,0
BRDA:263,16,0,-
DA:266,0
BRDA:266,17,0,-
DA:270,0
BRDA:270,18,0,-
DA:281,0
BRDA:281,19,0,-
DA:284,0
DA:288,0
DA:289,0
FN:299,BondBaseOSDA._currentMarketPrice
FNDA:0,BondBaseOSDA._currentMarketPrice
DA:302,0
DA:303,0
DA:306,0
DA:311,0
BRDA:311,20,0,-
DA:314,0
DA:317,0
DA:318,0
DA:323,0
DA:345,0
DA:346,0
BRDA:346,21,0,-
BRDA:346,21,1,-
DA:347,0
DA:352,0
DA:353,0
DA:356,0
FN:362,BondBaseOSDA.getMarketInfoForPurchase
FNDA:0,BondBaseOSDA.getMarketInfoForPurchase
DA:370,0
DA:371,0
FN:375,BondBaseOSDA.marketPrice
FNDA:0,BondBaseOSDA.marketPrice
DA:378,0
DA:380,0
FN:384,BondBaseOSDA.marketScale
FNDA:0,BondBaseOSDA.marketScale
DA:387,0
FN:391,BondBaseOSDA.payoutFor
FNDA:0,BondBaseOSDA.payoutFor
DA:393,0
DA:394,0
DA:398,0
BRDA:398,22,0,-
BRDA:398,22,1,-
DA:399,0
FN:403,BondBaseOSDA.maxPayout
FNDA:0,BondBaseOSDA.maxPayout
DA:406,0
DA:409,0
FN:413,BondBaseOSDA.maxAmountAccepted
FNDA:0,BondBaseOSDA.maxAmountAccepted
DA:416,0
DA:417,0
DA:418,0
DA:419,0
DA:420,0
DA:421,0
DA:428,0
DA:430,0
FN:434,BondBaseOSDA.isInstantSwap
FNDA:0,BondBaseOSDA.isInstantSwap
DA:437,0
DA:438,0
FN:442,BondBaseOSDA.isLive
FNDA:0,BondBaseOSDA.isLive
DA:445,0
FN:452,BondBaseOSDA.isClosing
FNDA:0,BondBaseOSDA.isClosing
DA:455,0
FN:459,BondBaseOSDA.ownerOf
FNDA:0,BondBaseOSDA.ownerOf
DA:462,0
FN:466,BondBaseOSDA.currentCapacity
FNDA:0,BondBaseOSDA.currentCapacity
DA:469,0
FN:473,BondBaseOSDA.getConclusion
FNDA:0,BondBaseOSDA.getConclusion
DA:476,0
FNF:24
FNH:0
LF:105
LH:0
BRF:27
BRH:0
end_of_record
TN:
SF:src/bases/BondBaseOracleAuctioneer.sol
FN:25,BondBaseOracleAuctioneer._getPriceDecimals
FNDA:0,BondBaseOracleAuctioneer._getPriceDecimals
DA:26,0
DA:27,0
DA:28,0
DA:29,0
DA:34,0
FN:37,BondBaseOracleAuctioneer.
FNDA:0,BondBaseOracleAuctioneer.
FN:46,BondBaseOracleAuctioneer._validateOracle
FNDA:0,BondBaseOracleAuctioneer._validateOracle
DA:54,0
DA:55,0
DA:59,0
BRDA:59,0,0,-
DA:60,0
DA:61,0
BRDA:61,1,0,-
DA:63,0
BRDA:63,2,0,-
DA:64,0
DA:65,0
BRDA:65,3,0,-
DA:70,0
BRDA:70,4,0,-
DA:73,0
DA:76,0
DA:77,0
BRDA:77,5,0,-
DA:80,0
DA:81,0
BRDA:81,6,0,-
DA:93,0
DA:101,0
BRDA:101,7,0,-
DA:107,0
DA:117,0
DA:119,0
FNF:3
FNH:0
LF:24
LH:0
BRF:8
BRH:0
end_of_record
TN:
SF:src/bases/BondBaseSDA.sol
FN:92,BondBaseSDA.
FNDA:18,BondBaseSDA.
DA:98,18
DA:99,18
DA:100,18
DA:101,18
DA:102,18
DA:103,18
FN:114,BondBaseSDA._createMarket
FNDA:18,BondBaseSDA._createMarket
DA:119,18
BRDA:119,0,0,-
DA:123,18
BRDA:123,1,0,12
DA:124,12
DA:125,12
BRDA:125,2,0,-
DA:127,18
BRDA:127,3,0,12
DA:128,12
DA:129,12
BRDA:129,4,0,-
DA:131,18
BRDA:131,5,0,-
DA:134,18
BRDA:134,6,0,-
DA:144,18
DA:146,18
DA:149,18
BRDA:149,7,0,-
DA:152,18
DA:156,18
DA:157,18
DA:158,0
BRDA:158,8,0,-
DA:161,18
BRDA:161,9,0,6
BRDA:161,9,1,12
DA:163,6
BRDA:163,10,0,-
DA:165,6
DA:166,6
BRDA:166,11,0,-
BRDA:166,11,1,6
DA:170,12
DA:171,12
DA:172,12
BRDA:172,12,0,-
DA:173,0
DA:177,18
DA:184,18
DA:185,18
DA:187,18
DA:192,18
DA:193,18
DA:214,18
DA:215,18
DA:217,18
DA:224,18
DA:227,18
DA:247,18
DA:249,18
DA:252,18
DA:263,18
DA:264,18
DA:265,18
DA:273,18
DA:281,18
FN:285,BondBaseSDA.setIntervals
FNDA:0,BondBaseSDA.setIntervals
DA:290,0
BRDA:290,13,0,-
DA:293,0
BRDA:293,14,0,-
DA:296,0
BRDA:296,15,0,-
DA:298,0
DA:300,0
BRDA:300,16,0,-
DA:303,0
BRDA:303,17,0,-
DA:305,0
DA:312,0
DA:313,0
DA:316,0
DA:318,0
DA:319,0
FN:323,BondBaseSDA.pushOwnership
FNDA:0,BondBaseSDA.pushOwnership
DA:324,0
FN:328,BondBaseSDA.pullOwnership
FNDA:0,BondBaseSDA.pullOwnership
DA:331,0
BRDA:331,18,0,-
DA:332,0
FN:336,BondBaseSDA.setDefaults
FNDA:0,BondBaseSDA.setDefaults
DA:343,0
BRDA:343,19,0,-
DA:346,0
BRDA:346,20,0,-
DA:349,0
BRDA:349,21,0,-
DA:352,0
BRDA:352,22,0,-
DA:355,0
DA:356,0
DA:357,0
DA:358,0
DA:359,0
DA:360,0
DA:362,0
FN:373,BondBaseSDA.setAllowNewMarkets
FNDA:0,BondBaseSDA.setAllowNewMarkets
DA:376,0
FN:380,BondBaseSDA.closeMarket
FNDA:6,BondBaseSDA.closeMarket
DA:384,6
BRDA:384,23,0,6
DA:386,6
DA:388,6
FN:394,BondBaseSDA.purchaseBond
FNDA:6,BondBaseSDA.purchaseBond
DA:399,6
BRDA:399,24,0,-
DA:401,6
DA:402,6
DA:405,6
BRDA:405,25,0,-
DA:407,6
DA:408,6
DA:413,6
BRDA:413,26,0,-
DA:416,6
BRDA:416,27,0,-
DA:420,6
BRDA:420,28,0,-
DA:431,6
BRDA:431,29,0,-
DA:433,6
DA:437,6
DA:438,6
DA:441,6
BRDA:441,30,0,-
BRDA:441,30,1,6
DA:442,0
DA:447,6
FN:455,BondBaseSDA._closeMarketPartialy
FNDA:0,BondBaseSDA._closeMarketPartialy
DA:458,0
DA:460,0
FN:469,BondBaseSDA._decayAndGetPrice
FNDA:6,BondBaseSDA._decayAndGetPrice
DA:474,6
DA:490,6
DA:491,6
DA:497,0
BRDA:497,31,0,-
DA:498,0
DA:500,0
DA:501,0
DA:503,0
BRDA:503,32,0,-
BRDA:503,32,1,-
DA:504,0
DA:505,0
DA:506,0
DA:508,0
DA:513,6
DA:514,6
DA:515,6
BRDA:515,33,0,-
DA:523,6
DA:526,6
DA:527,6
DA:528,6
DA:531,6
DA:532,6
DA:544,6
DA:547,6
FN:555,BondBaseSDA._tune
FNDA:6,BondBaseSDA._tune
DA:556,6
DA:557,6
DA:558,6
DA:571,6
DA:572,6
DA:575,6
DA:580,6
DA:583,6
DA:585,0
BRDA:585,34,0,-
DA:591,0
DA:601,0
DA:604,0
DA:606,0
DA:608,0
BRDA:608,35,0,-
BRDA:608,35,1,-
DA:611,0
DA:615,0
DA:617,0
DA:620,0
DA:621,0
DA:623,0
FN:634,BondBaseSDA._currentMarketPrice
FNDA:6,BondBaseSDA._currentMarketPrice
DA:637,6
DA:638,6
FN:646,BondBaseSDA._controlDecay
FNDA:0,BondBaseSDA._controlDecay
DA:649,0
DA:650,0
DA:652,0
DA:653,0
DA:654,0
FN:660,BondBaseSDA.getMarketInfoForPurchase
FNDA:24,BondBaseSDA.getMarketInfoForPurchase
DA:663,24
DA:664,24
FN:668,BondBaseSDA.marketPrice
FNDA:0,BondBaseSDA.marketPrice
DA:671,0
DA:673,0
FN:677,BondBaseSDA.marketScale
FNDA:0,BondBaseSDA.marketScale
DA:680,0
FN:684,BondBaseSDA.payoutFor
FNDA:0,BondBaseSDA.payoutFor
DA:686,0
DA:687,0
DA:691,0
BRDA:691,37,0,-
BRDA:691,37,1,-
DA:692,0
FN:696,BondBaseSDA.maxPayout
FNDA:0,BondBaseSDA.maxPayout
DA:699,24
DA:702,24
FN:706,BondBaseSDA.maxAmountAccepted
FNDA:0,BondBaseSDA.maxAmountAccepted
DA:709,0
DA:710,0
DA:711,0
DA:712,0
DA:713,0
DA:720,0
DA:722,0
FN:726,BondBaseSDA.currentDebt
FNDA:0,BondBaseSDA.currentDebt
DA:729,6
DA:732,6
DA:734,6
DA:735,6
DA:740,6
BRDA:740,39,0,-
BRDA:740,39,1,-
DA:741,0
DA:743,0
DA:745,0
DA:749,6
DA:751,6
DA:753,6
FN:762,BondBaseSDA.currentControlVariable
FNDA:0,BondBaseSDA.currentControlVariable
DA:765,0
DA:766,0
FN:770,BondBaseSDA.isInstantSwap
FNDA:0,BondBaseSDA.isInstantSwap
DA:773,0
DA:774,0
FN:778,BondBaseSDA.isLive
FNDA:0,BondBaseSDA.isLive
DA:781,6
FN:788,BondBaseSDA.isClosing
FNDA:0,BondBaseSDA.isClosing
DA:791,0
FN:795,BondBaseSDA.ownerOf
FNDA:0,BondBaseSDA.ownerOf
DA:798,0
FN:802,BondBaseSDA.currentCapacity
FNDA:6,BondBaseSDA.currentCapacity
DA:805,6
FN:809,BondBaseSDA.getConclusion
FNDA:6,BondBaseSDA.getConclusion
DA:812,6
FNF:28
FNH:10
LF:185
LH:104
BRF:45
BRH:7
end_of_record
TN:
SF:src/bases/BondBaseTeller.sol
FN:74,BondBaseTeller.
FNDA:0,BondBaseTeller.
DA:80,0
DA:81,0
DA:84,0
DA:85,0
FN:89,BondBaseTeller.setBeneficiary
FNDA:0,BondBaseTeller.setBeneficiary
DA:92,0
FN:96,BondBaseTeller.setReferrerFee
FNDA:0,BondBaseTeller.setReferrerFee
DA:99,0
BRDA:99,0,0,-
DA:100,0
FN:104,BondBaseTeller.setProtocolFee
FNDA:0,BondBaseTeller.setProtocolFee
DA:107,0
BRDA:107,1,0,-
DA:108,0
FN:112,BondBaseTeller.setCreateFeeDiscount
FNDA:0,BondBaseTeller.setCreateFeeDiscount
DA:115,0
BRDA:115,2,0,-
DA:116,0
FN:120,BondBaseTeller.closeMarket
FNDA:0,BondBaseTeller.closeMarket
DA:123,0
DA:124,0
DA:125,0
DA:126,0
DA:127,0
DA:128,0
DA:131,0
BRDA:131,3,0,-
BRDA:131,4,0,-
DA:134,0
BRDA:134,5,0,-
DA:135,0
BRDA:135,6,0,-
BRDA:135,6,1,-
DA:136,0
DA:137,0
BRDA:137,7,0,-
BRDA:137,7,1,-
DA:139,0
DA:143,0
FN:147,BondBaseTeller.getFee
FNDA:0,BondBaseTeller.getFee
DA:150,0
FN:156,BondBaseTeller.purchase
FNDA:0,BondBaseTeller.purchase
DA:163,0
DA:164,0
DA:165,0
DA:166,0
DA:172,0
DA:173,0
DA:176,0
DA:177,0
DA:178,0
DA:181,0
DA:182,0
DA:186,0
DA:189,0
DA:190,0
DA:193,0
DA:195,0
DA:197,0
FN:201,BondBaseTeller._handleTransfers
FNDA:0,BondBaseTeller._handleTransfers
DA:203,0
DA:206,0
DA:210,0
BRDA:210,8,0,-
BRDA:210,8,1,-
DA:211,0
BRDA:211,9,0,-
DA:212,0
DA:213,0
BRDA:213,10,0,-
BRDA:213,10,1,-
DA:218,0
DA:219,0
DA:220,0
BRDA:220,11,0,-
DA:223,0
FN:249,BondBaseTeller._handleFeePayout
FNDA:0,BondBaseTeller._handleFeePayout
DA:250,0
BRDA:250,12,0,-
BRDA:250,12,1,-
DA:251,0
DA:252,0
BRDA:252,13,0,-
BRDA:252,13,1,-
DA:256,0
DA:257,0
DA:258,0
BRDA:258,14,0,-
FN:267,BondBaseTeller._getNameAndSymbol
FNDA:0,BondBaseTeller._getNameAndSymbol
DA:275,0
DA:276,0
DA:277,0
DA:279,0
DA:281,0
DA:282,0
DA:283,0
DA:284,0
DA:285,0
DA:286,0
DA:287,0
DA:288,0
DA:289,0
DA:290,0
DA:292,0
DA:293,0
DA:294,0
DA:297,0
DA:298,0
DA:299,0
DA:301,0
DA:302,0
DA:303,0
BRDA:303,15,0,-
DA:304,0
DA:305,0
DA:309,0
DA:310,0
FN:316,BondBaseTeller._uint2str
FNDA:0,BondBaseTeller._uint2str
DA:319,0
DA:320,0
DA:321,0
DA:322,0
DA:323,0
DA:324,0
DA:326,0
DA:327,0
DA:328,0
DA:329,0
DA:330,0
DA:331,0
DA:332,0
DA:333,0
DA:335,0
FNF:12
FNH:0
LF:100
LH:0
BRF:22
BRH:0
end_of_record
TN:
SF:src/bases/BondBaseTellerUpgradeable.sol
FN:89,BondBaseTellerUpgradeable.__BondBaseTeller_init
FNDA:36,BondBaseTellerUpgradeable.__BondBaseTeller_init
DA:95,36
DA:97,36
DA:98,36
DA:99,36
DA:100,36
DA:101,36
DA:102,36
DA:103,36
FN:108,BondBaseTellerUpgradeable.pause
FNDA:0,BondBaseTellerUpgradeable.pause
DA:109,0
FN:112,BondBaseTellerUpgradeable.unpause
FNDA:0,BondBaseTellerUpgradeable.unpause
DA:113,0
FN:116,BondBaseTellerUpgradeable.setFeeDiscountFeeder
FNDA:0,BondBaseTellerUpgradeable.setFeeDiscountFeeder
DA:117,0
DA:118,0
FN:121,BondBaseTellerUpgradeable.discountedProtocolFee
FNDA:12,BondBaseTellerUpgradeable.discountedProtocolFee
DA:124,12
DA:126,0
DA:127,0
DA:128,0
DA:129,0
DA:135,0
FN:146,BondBaseTellerUpgradeable.setBeneficiary
FNDA:0,BondBaseTellerUpgradeable.setBeneficiary
DA:149,0
FN:153,BondBaseTellerUpgradeable.setReferrerFee
FNDA:0,BondBaseTellerUpgradeable.setReferrerFee
DA:156,0
BRDA:156,1,0,-
DA:157,0
FN:161,BondBaseTellerUpgradeable.setProtocolFee
FNDA:0,BondBaseTellerUpgradeable.setProtocolFee
DA:164,0
BRDA:164,2,0,-
DA:165,0
FN:169,BondBaseTellerUpgradeable.setCreateFeeDiscount
FNDA:0,BondBaseTellerUpgradeable.setCreateFeeDiscount
DA:172,0
BRDA:172,3,0,-
DA:173,0
FN:177,BondBaseTellerUpgradeable.closeMarket
FNDA:12,BondBaseTellerUpgradeable.closeMarket
DA:180,12
DA:181,12
DA:182,12
DA:183,12
DA:184,12
DA:185,12
DA:188,12
BRDA:188,4,0,12
BRDA:188,5,0,-
DA:191,12
BRDA:191,6,0,12
DA:192,12
BRDA:192,7,0,4
BRDA:192,7,1,4
DA:193,4
DA:194,4
BRDA:194,8,0,-
BRDA:194,8,1,4
DA:196,8
DA:200,12
FN:204,BondBaseTellerUpgradeable.getFee
FNDA:12,BondBaseTellerUpgradeable.getFee
DA:207,12
DA:208,12
FN:213,BondBaseTellerUpgradeable._purchase
FNDA:12,BondBaseTellerUpgradeable._purchase
DA:220,12
DA:221,12
DA:222,12
DA:223,12
DA:229,12
DA:230,12
DA:233,12
DA:234,12
DA:235,12
DA:238,12
DA:239,12
DA:243,12
DA:246,12
DA:247,12
DA:250,12
DA:252,12
DA:254,12
FN:258,BondBaseTellerUpgradeable.purchase
FNDA:0,BondBaseTellerUpgradeable.purchase
DA:265,0
FN:269,BondBaseTellerUpgradeable._handleTransfers
FNDA:12,BondBaseTellerUpgradeable._handleTransfers
DA:271,12
DA:274,12
DA:278,12
BRDA:278,9,0,4
BRDA:278,9,1,8
DA:279,4
BRDA:279,10,0,-
DA:280,4
DA:281,4
BRDA:281,11,0,-
BRDA:281,11,1,4
DA:286,8
DA:287,8
DA:288,8
BRDA:288,12,0,-
DA:291,8
FN:317,BondBaseTellerUpgradeable._handleFeePayout
FNDA:24,BondBaseTellerUpgradeable._handleFeePayout
DA:318,24
BRDA:318,13,0,8
BRDA:318,13,1,16
DA:319,8
DA:320,8
BRDA:320,14,0,-
BRDA:320,14,1,8
DA:324,16
DA:325,16
DA:326,16
BRDA:326,15,0,-
FN:335,BondBaseTellerUpgradeable._getNameAndSymbol
FNDA:0,BondBaseTellerUpgradeable._getNameAndSymbol
DA:343,0
DA:344,0
DA:345,0
DA:347,0
DA:349,0
DA:350,0
DA:351,0
DA:352,0
DA:353,0
DA:354,0
DA:355,0
DA:356,0
DA:357,0
DA:358,0
DA:360,0
DA:361,0
DA:362,0
DA:365,0
DA:366,0
DA:367,0
DA:369,0
DA:370,0
DA:371,0
BRDA:371,16,0,-
DA:372,0
DA:373,0
DA:377,0
DA:378,0
FN:384,BondBaseTellerUpgradeable._uint2str
FNDA:0,BondBaseTellerUpgradeable._uint2str
DA:387,0
DA:388,0
DA:389,0
DA:390,0
DA:391,0
DA:392,0
DA:394,0
DA:395,0
DA:396,0
DA:397,0
DA:398,0
DA:399,0
DA:400,0
DA:401,0
DA:403,0
FNF:17
FNH:7
LF:116
LH:57
BRF:22
BRH:11
end_of_record
TN:
SF:src/bases/BondTeller1155.sol
FN:42,BondTeller1155.
FNDA:0,BondTeller1155.
FN:67,BondTeller1155.create
FNDA:0,BondTeller1155.create
DA:74,0
DA:77,0
BRDA:77,0,0,-
DA:79,0
DA:82,0
BRDA:82,1,0,-
DA:87,0
DA:88,0
DA:89,0
BRDA:89,2,0,-
DA:93,0
BRDA:93,3,0,-
BRDA:93,3,1,-
DA:95,0
DA:96,0
DA:99,0
DA:101,0
DA:104,0
DA:106,0
FN:112,BondTeller1155._redeem
FNDA:0,BondTeller1155._redeem
DA:114,0
BRDA:114,4,0,-
DA:117,0
DA:120,0
BRDA:120,5,0,-
DA:123,0
DA:126,0
BRDA:126,6,0,-
BRDA:126,6,1,-
DA:127,0
DA:128,0
BRDA:128,7,0,-
BRDA:128,7,1,-
DA:130,0
FN:135,BondTeller1155.redeem
FNDA:0,BondTeller1155.redeem
DA:136,0
FN:140,BondTeller1155.batchRedeem
FNDA:0,BondTeller1155.batchRedeem
DA:141,0
DA:142,0
BRDA:142,8,0,-
DA:143,0
DA:144,0
FN:151,BondTeller1155.deploy
FNDA:0,BondTeller1155.deploy
DA:152,0
DA:154,0
BRDA:154,9,0,-
DA:155,0
FN:163,BondTeller1155._deploy
FNDA:0,BondTeller1155._deploy
DA:166,0
DA:169,0
BRDA:169,10,0,-
DA:173,0
DA:174,0
BRDA:174,11,0,-
DA:177,0
DA:179,0
FN:186,BondTeller1155._mintToken
FNDA:0,BondTeller1155._mintToken
DA:187,0
DA:188,0
FN:195,BondTeller1155._burnToken
FNDA:0,BondTeller1155._burnToken
DA:196,0
DA:197,0
FN:203,BondTeller1155.getTokenId
FNDA:0,BondTeller1155.getTokenId
DA:206,0
DA:207,0
FN:211,BondTeller1155.getTokenNameAndSymbol
FNDA:0,BondTeller1155.getTokenNameAndSymbol
DA:214,0
DA:215,0
DA:216,0
FNF:11
FNH:0
LF:45
LH:0
BRF:15
BRH:0
end_of_record
TN:
SF:src/bases/BondTeller1155Upgradeable.sol
FN:53,BondTeller1155Upgradeable.__BondTeller1155_init
FNDA:36,BondTeller1155Upgradeable.__BondTeller1155_init
DA:59,36
DA:60,36
DA:61,36
FN:64,BondTeller1155Upgradeable._authorizeUpgrade
FNDA:0,BondTeller1155Upgradeable._authorizeUpgrade
FN:83,BondTeller1155Upgradeable.purchase
FNDA:12,BondTeller1155Upgradeable.purchase
DA:90,12
DA:91,12
DA:92,12
DA:94,12
DA:95,12
DA:97,12
DA:98,12
DA:99,12
DA:100,12
FN:106,BondTeller1155Upgradeable.create
FNDA:0,BondTeller1155Upgradeable.create
DA:113,0
DA:116,0
BRDA:116,0,0,-
DA:118,0
DA:121,0
BRDA:121,1,0,-
DA:126,0
DA:127,0
DA:128,0
BRDA:128,2,0,-
DA:132,0
DA:133,0
BRDA:133,3,0,-
BRDA:133,3,1,-
DA:135,0
DA:136,0
DA:139,0
DA:141,0
DA:144,0
DA:146,0
FN:152,BondTeller1155Upgradeable._redeem
FNDA:12,BondTeller1155Upgradeable._redeem
DA:154,12
BRDA:154,4,0,-
DA:157,12
DA:160,12
DA:161,12
BRDA:161,5,0,-
DA:164,12
DA:167,12
BRDA:167,6,0,4
BRDA:167,6,1,4
DA:168,4
DA:169,4
BRDA:169,7,0,-
BRDA:169,7,1,4
DA:171,8
FN:176,BondTeller1155Upgradeable.redeem
FNDA:12,BondTeller1155Upgradeable.redeem
DA:177,12
FN:181,BondTeller1155Upgradeable.batchRedeem
FNDA:0,BondTeller1155Upgradeable.batchRedeem
DA:182,0
DA:183,0
BRDA:183,8,0,-
DA:184,0
DA:185,0
FN:192,BondTeller1155Upgradeable.deploy
FNDA:0,BondTeller1155Upgradeable.deploy
DA:193,0
DA:195,0
BRDA:195,9,0,-
DA:196,0
FN:204,BondTeller1155Upgradeable._deploy
FNDA:12,BondTeller1155Upgradeable._deploy
DA:207,12
DA:210,12
BRDA:210,10,0,-
DA:214,12
DA:215,12
BRDA:215,11,0,8
DA:218,12
DA:220,12
FN:227,BondTeller1155Upgradeable._mintToken
FNDA:12,BondTeller1155Upgradeable._mintToken
DA:228,12
DA:229,12
FN:236,BondTeller1155Upgradeable._burnToken
FNDA:12,BondTeller1155Upgradeable._burnToken
DA:237,12
DA:238,12
FN:244,BondTeller1155Upgradeable.getTokenId
FNDA:12,BondTeller1155Upgradeable.getTokenId
DA:247,36
DA:248,36
FN:252,BondTeller1155Upgradeable.getTokenNameAndSymbol
FNDA:0,BondTeller1155Upgradeable.getTokenNameAndSymbol
DA:255,0
DA:256,0
DA:257,0
FNF:13
FNH:8
LF:59
LH:34
BRF:15
BRH:4
end_of_record
TN:
SF:test/Auth.t.sol
FN:12,OutOfOrderAuthority.canCall
FNDA:258,OutOfOrderAuthority.canCall
DA:13,258
FNF:1
FNH:1
LF:1
LH:1
BRF:0
BRH:0
end_of_record
TN:
SF:test/Auth.upgradeable.t.sol
FN:13,OutOfOrderAuthority.canCall
FNDA:258,OutOfOrderAuthority.canCall
DA:14,258
FNF:1
FNH:1
LF:1
LH:1
BRF:0
BRH:0
end_of_record
TN:
SF:test/ERC1155.t.sol
FN:19,ERC1155Recipient.onERC1155Received
FNDA:514,ERC1155Recipient.onERC1155Received
DA:26,514
DA:27,514
DA:28,514
DA:29,514
DA:30,514
DA:32,514
FN:41,ERC1155Recipient.batchIds
FNDA:514,ERC1155Recipient.batchIds
DA:42,514
FN:45,ERC1155Recipient.batchAmounts
FNDA:514,ERC1155Recipient.batchAmounts
DA:46,514
FN:49,ERC1155Recipient.onERC1155BatchReceived
FNDA:514,ERC1155Recipient.onERC1155BatchReceived
DA:56,514
DA:57,514
DA:58,514
DA:59,514
DA:60,514
DA:62,514
FN:69,RevertingERC1155Recipient.onERC1155Received
FNDA:771,RevertingERC1155Recipient.onERC1155Received
DA:76,771
FN:79,RevertingERC1155Recipient.onERC1155BatchReceived
FNDA:514,RevertingERC1155Recipient.onERC1155BatchReceived
DA:86,514
FN:93,WrongReturnDataERC1155Recipient.onERC1155Received
FNDA:257,WrongReturnDataERC1155Recipient.onERC1155Received
DA:100,257
FN:103,WrongReturnDataERC1155Recipient.onERC1155BatchReceived
FNDA:514,WrongReturnDataERC1155Recipient.onERC1155BatchReceived
DA:110,514
FNF:8
FNH:8
LF:18
LH:18
BRF:0
BRH:0
end_of_record
TN:
SF:test/bond/BaseSetup.t.sol
FN:28,BondBaseTestSetup.onERC1155Received
FNDA:0,BondBaseTestSetup.onERC1155Received
DA:35,0
FN:38,BondBaseTestSetup.onERC1155BatchReceived
FNDA:0,BondBaseTestSetup.onERC1155BatchReceived
DA:45,0
FN:48,BondBaseTestSetup.mintToken
FNDA:72,BondBaseTestSetup.mintToken
DA:51,72
DA:52,72
DA:53,72
DA:54,72
DA:55,72
DA:56,72
DA:57,72
DA:58,72
DA:59,72
FN:62,BondBaseTestSetup.setUp
FNDA:36,BondBaseTestSetup.setUp
DA:63,36
DA:64,36
DA:65,36
DA:66,36
DA:67,36
DA:68,36
FNF:4
FNH:2
LF:17
LH:15
BRF:0
BRH:0
end_of_record
TN:
SF:test/bond/FE/FPA/base.t.sol
FN:18,MarketTestBase.createMarket
FNDA:9,MarketTestBase.createMarket
DA:21,9
FN:26,MarketTestBase.getMarketTyped
FNDA:9,MarketTestBase.getMarketTyped
DA:29,9
DA:39,9
DA:40,9
FN:43,MarketTestBase.setUp
FNDA:9,MarketTestBase.setUp
DA:44,9
DA:45,9
DA:46,9
DA:47,9
FN:50,MarketTestBase.getTokenBalance
FNDA:24,MarketTestBase.getTokenBalance
DA:51,24
DA:52,0
FN:55,MarketTestBase._testCreate
FNDA:9,MarketTestBase._testCreate
DA:56,9
BRDA:56,0,0,6
DA:58,9
DA:60,9
FN:63,MarketTestBase._testPurchase
FNDA:3,MarketTestBase._testPurchase
DA:64,3
DA:66,3
DA:67,3
DA:68,3
DA:69,3
BRDA:69,1,0,2
DA:71,3
DA:74,3
DA:75,3
DA:76,3
DA:77,3
DA:78,3
DA:80,3
FN:83,MarketTestBase._testClose
FNDA:3,MarketTestBase._testClose
DA:84,3
DA:86,3
DA:87,3
DA:88,3
DA:90,3
DA:92,3
DA:93,3
DA:94,3
DA:99,3
FNF:7
FNH:7
LF:34
LH:33
BRF:2
BRH:2
end_of_record
TN:
SF:test/bond/FE/SDA/base.t.sol
FN:17,MarketTestBase.createMarket
FNDA:9,MarketTestBase.createMarket
DA:20,9
FN:25,MarketTestBase.getMarketTyped
FNDA:9,MarketTestBase.getMarketTyped
DA:28,9
DA:39,9
DA:40,9
FN:43,MarketTestBase.setUp
FNDA:9,MarketTestBase.setUp
DA:44,9
DA:45,9
DA:46,9
DA:47,9
FN:50,MarketTestBase.getTokenBalance
FNDA:24,MarketTestBase.getTokenBalance
DA:51,24
DA:52,0
FN:55,MarketTestBase._testCreate
FNDA:9,MarketTestBase._testCreate
DA:56,9
BRDA:56,0,0,6
DA:58,9
DA:60,9
FN:63,MarketTestBase._testPurchase
FNDA:3,MarketTestBase._testPurchase
DA:64,3
DA:66,3
DA:67,3
DA:68,3
DA:69,3
BRDA:69,1,0,2
DA:71,3
DA:74,3
DA:75,3
DA:76,3
DA:77,3
DA:78,3
DA:80,3
FN:83,MarketTestBase._testClose
FNDA:3,MarketTestBase._testClose
DA:84,3
DA:86,3
DA:87,3
DA:88,3
DA:90,3
DA:92,3
DA:93,3
DA:94,3
DA:99,3
FNF:7
FNH:7
LF:34
LH:33
BRF:2
BRH:2
end_of_record
TN:
SF:test/bond/FE/Teller.t.sol
FN:17,BondFixedExpiryTestBase.setUp
FNDA:18,BondFixedExpiryTestBase.setUp
DA:18,18
DA:20,18
DA:21,18
DA:25,18
DA:26,18
FNF:1
FNH:1
LF:5
LH:5
BRF:0
BRH:0
end_of_record
TN:
SF:test/bond/FT/FPA/base.t.sol
FN:17,MarketTestBase.createMarket
FNDA:9,MarketTestBase.createMarket
DA:20,9
FN:25,MarketTestBase.getMarketTyped
FNDA:9,MarketTestBase.getMarketTyped
DA:28,9
DA:38,9
DA:39,9
FN:42,MarketTestBase.setUp
FNDA:9,MarketTestBase.setUp
DA:43,9
DA:44,9
DA:45,9
DA:46,9
FN:49,MarketTestBase.getTokenBalance
FNDA:24,MarketTestBase.getTokenBalance
DA:50,24
DA:51,0
FN:54,MarketTestBase._testCreate
FNDA:9,MarketTestBase._testCreate
DA:55,9
BRDA:55,0,0,6
DA:57,9
DA:59,9
FN:62,MarketTestBase._testPurchase
FNDA:3,MarketTestBase._testPurchase
DA:63,3
DA:65,3
DA:66,3
DA:67,3
DA:68,3
BRDA:68,1,0,2
DA:70,3
DA:73,3
DA:74,3
DA:75,3
DA:76,3
DA:77,3
DA:79,3
FN:82,MarketTestBase._testClose
FNDA:3,MarketTestBase._testClose
DA:83,3
DA:85,3
DA:86,3
DA:87,3
DA:89,3
DA:91,3
DA:92,3
DA:93,3
DA:98,3
FNF:7
FNH:7
LF:34
LH:33
BRF:2
BRH:2
end_of_record
TN:
SF:test/bond/FT/SDA/base.t.sol
FN:17,MarketTestBase.createMarket
FNDA:9,MarketTestBase.createMarket
DA:20,9
FN:25,MarketTestBase.getMarketTyped
FNDA:9,MarketTestBase.getMarketTyped
DA:28,9
DA:39,9
DA:40,9
FN:43,MarketTestBase.setUp
FNDA:9,MarketTestBase.setUp
DA:44,9
DA:45,9
DA:46,9
DA:47,9
FN:50,MarketTestBase.getTokenBalance
FNDA:24,MarketTestBase.getTokenBalance
DA:51,24
DA:52,0
FN:55,MarketTestBase._testCreate
FNDA:9,MarketTestBase._testCreate
DA:56,9
BRDA:56,0,0,6
DA:58,9
DA:60,9
FN:63,MarketTestBase._testPurchase
FNDA:3,MarketTestBase._testPurchase
DA:64,3
DA:66,3
DA:67,3
DA:68,3
DA:69,3
BRDA:69,1,0,2
DA:71,3
DA:74,3
DA:75,3
DA:76,3
DA:77,3
DA:78,3
DA:80,3
FN:83,MarketTestBase._testClose
FNDA:3,MarketTestBase._testClose
DA:84,3
DA:86,3
DA:87,3
DA:88,3
DA:90,3
DA:92,3
DA:93,3
DA:94,3
DA:99,3
FNF:7
FNH:7
LF:34
LH:33
BRF:2
BRH:2
end_of_record
TN:
SF:test/bond/FT/Teller.t.sol
FN:17,BondFixedTermTestBase.setUp
FNDA:18,BondFixedTermTestBase.setUp
DA:18,18
DA:20,18
DA:21,18
DA:25,18
DA:26,18
FNF:1
FNH:1
LF:5
LH:5
BRF:0
BRH:0
end_of_record
